<?xml version="1.0" encoding="UTF-8"?>
<!-- Generated by org.testng.reporters.JUnitXMLReporter -->
<testsuite ignored="1" hostname="DESKTOP-E71U01U" failures="0" tests="5" name="Default test" time="12.35" errors="0" timestamp="2025-06-23T14:53:14 MESZ">
  <testcase classname="fh.aalen.test.DataProviderTest" name="testCreateVideoWithCombinations" time="0.014"/>
  <testcase classname="fh.aalen.test.DataProviderTest" name="testCreateVideoWithCombinations" time="0.005"/>
  <testcase classname="fh.aalen.test.DataProviderTest" name="testCreateVideoWithCombinations" time="0.006"/>
  <testcase classname="fh.aalen.test.DataProviderTest" name="testCreateVideoWithCombinations" time="0.006"/>
  <testcase classname="fh.aalen.test.DataProviderTest" name="testCreateVideoWithCombinations" time="0.004"/>
  <testcase classname="fh.aalen.test.DataProviderTest" name="testAddVideoWithValidGenre" time="0.0">
    <ignored/>
  </testcase> <!-- testAddVideoWithValidGenre -->
</testsuite> <!-- Default test -->
