<?xml version="1.0" encoding="UTF-8"?>
<!-- Generated by org.testng.reporters.JUnitXMLReporter -->
<testsuite ignored="1" hostname="DESKTOP-E71U01U" failures="0" tests="1" name="Default test" time="16.82" errors="0" timestamp="2025-06-22T23:03:28 MESZ">
  <testcase classname="fh.aalen.test.SimpleTestExample" name="AddVideoTest" time="5.027"/>
  <testcase classname="fh.aalen.test.SimpleTestExample" name="testAddVideoFail" time="0.0">
    <ignored/>
  </testcase> <!-- testAddVideoFail -->
</testsuite> <!-- Default test -->
