<?xml version="1.0" encoding="UTF-8"?>
<!-- Generated by org.testng.reporters.JUnitXMLReporter -->
<testsuite ignored="0" hostname="DESKTOP-E71U01U" failures="0" tests="5" name="AlleGruppenAusführen" time="32.859" errors="0" timestamp="2025-06-23T14:49:58 MESZ">
  <testcase classname="fh.aalen.test.GroupedTests" name="testCreateVideo" time="5.02"/>
  <testcase classname="fh.aalen.test.GroupedTests" name="testReadVideoById" time="3.02"/>
  <testcase classname="fh.aalen.test.GroupedTests" name="testGetAllVideos" time="6.035"/>
  <testcase classname="fh.aalen.test.GroupedTests" name="testUpdateVideo" time="3.032"/>
  <testcase classname="fh.aalen.test.GroupedTests" name="testDeleteVideo" time="6.026"/>
</testsuite> <!-- AlleGruppenAusführen -->
