<?xml version="1.0" encoding="UTF-8"?>
<!-- Generated by org.testng.reporters.JUnitXMLReporter -->
<testsuite ignored="7" hostname="DESKTOP-E71U01U" failures="0" tests="0" time="0.012" errors="0" timestamp="2025-06-20T22:17:30 MESZ">
  <testcase classname="fh.aalen.test.VideoServiceTest2" name="testUpdateVideoWithInvalidIdThrowsException" time="0.0">
    <ignored/>
  </testcase> <!-- testUpdateVideoWithInvalidIdThrowsException -->
  <testcase classname="fh.aalen.test.VideoServiceTest2" name="testAddAndGetVideoFail" time="0.0">
    <ignored/>
  </testcase> <!-- testAddAndGetVideoFail -->
  <testcase classname="fh.aalen.test.VideoServiceTest2" name="testAddAndGetVideo" time="0.0">
    <ignored/>
  </testcase> <!-- testAddAndGetVideo -->
  <testcase classname="fh.aalen.test.VideoServiceTest2" name="testAddVideoWithGenre" time="0.0">
    <ignored/>
  </testcase> <!-- testAddVideoWithGenre -->
  <testcase classname="fh.aalen.test.VideoServiceTest2" name="testUpdateVideo" time="0.0">
    <ignored/>
  </testcase> <!-- testUpdateVideo -->
  <testcase classname="fh.aalen.test.VideoServiceTest2" name="testDeleteVideo" time="0.0">
    <ignored/>
  </testcase> <!-- testDeleteVideo -->
  <testcase classname="fh.aalen.test.VideoServiceTest2" name="testGetAllVideos" time="0.0">
    <ignored/>
  </testcase> <!-- testGetAllVideos -->
</testsuite>
