<?xml version="1.0" encoding="UTF-8"?>
<!-- Generated by org.testng.reporters.JUnitXMLReporter -->
<testsuite ignored="0" hostname="DESKTOP-E71U01U" failures="0" tests="3" name="DemoTests" time="0.018" errors="0" timestamp="2025-06-19T13:31:22 MESZ">
  <testcase classname="fh.aalen.test.TestLifecycleDemo" name="parameterizedTest" time="0.001"/>
  <testcase classname="fh.aalen.test.TestLifecycleDemo" name="demoTest" time="0.002"/>
  <testcase classname="fh.aalen.test.LibraryTest" name="testSomeLibraryMethod" time="0.002"/>
</testsuite> <!-- DemoTests -->
