<?xml version="1.0" encoding="UTF-8"?>
<!-- Generated by org.testng.reporters.JUnitXMLReporter -->
<testsuite ignored="4" hostname="DESKTOP-E71U01U" failures="0" tests="4" name="ServiceTest" time="0.089" errors="0" timestamp="2025-06-19T14:35:41 MESZ">
  <testcase classname="fh.aalen.test.PersonServiceTest" name="testAddPerson" time="0.009"/>
  <testcase classname="fh.aalen.test.PersonServiceTest" name="testAddPerson" time="0.002"/>
  <testcase classname="fh.aalen.test.PersonServiceTest" name="testUpdatePersonNotFound" time="0.002"/>
  <testcase classname="fh.aalen.test.VideoServiceTest" name="createVideo" time="0.002"/>
  <testcase classname="fh.aalen.test.VideoServiceTest" name="readVideo" time="0.0">
    <ignored/>
  </testcase> <!-- readVideo -->
  <testcase classname="fh.aalen.test.VideoServiceTest" name="updateVideo" time="0.0">
    <ignored/>
  </testcase> <!-- updateVideo -->
  <testcase classname="fh.aalen.test.SimpleTest" name="testValue" time="0.0">
    <ignored/>
  </testcase> <!-- testValue -->
  <testcase classname="fh.aalen.test.VideoServiceTest" name="deleteVideo" time="0.0">
    <ignored/>
  </testcase> <!-- deleteVideo -->
</testsuite> <!-- ServiceTest -->
