<?xml version="1.0" encoding="UTF-8"?>
<testng-results ignored="0" total="5" passed="5" failed="0" skipped="0">
  <reporter-output>
  </reporter-output>
  <suite started-at="2025-06-23T00:46:57 MESZ" name="Default suite" finished-at="2025-06-23T00:47:09 MESZ" duration-ms="12416">
    <groups>
      <group name="dataprovider">
        <method signature="VideoDataDrivenTests.testCreateVideoWithCombinations(java.lang.String,java.lang.String,java.lang.String,java.lang.String)[pri:3, instance:fh.aalen.test.VideoDataDrivenTests@31d0e481]" name="testCreateVideoWithCombinations" class="fh.aalen.test.VideoDataDrivenTests"/>
      </group> <!-- dataprovider -->
    </groups>
    <test started-at="2025-06-23T00:46:57 MESZ" name="Default test" finished-at="2025-06-23T00:47:09 MESZ" duration-ms="12416">
      <class name="fh.aalen.test.VideoDataDrivenTests">
        <test-method is-config="true" signature="springTestContextBeforeTestClass()[pri:0, instance:fh.aalen.test.VideoDataDrivenTests@31d0e481]" started-at="2025-06-23T00:46:57 MESZ" name="springTestContextBeforeTestClass" finished-at="2025-06-23T00:46:57 MESZ" duration-ms="15" status="PASS">
          <reporter-output>
          </reporter-output>
        </test-method> <!-- springTestContextBeforeTestClass -->
        <test-method is-config="true" signature="springTestContextPrepareTestInstance()[pri:0, instance:fh.aalen.test.VideoDataDrivenTests@31d0e481]" started-at="2025-06-23T00:46:57 MESZ" name="springTestContextPrepareTestInstance" finished-at="2025-06-23T00:47:02 MESZ" depends-on-methods="org.springframework.test.context.testng.AbstractTestNGSpringContextTests.springTestContextBeforeTestClass" duration-ms="4650" status="PASS">
          <reporter-output>
          </reporter-output>
        </test-method> <!-- springTestContextPrepareTestInstance -->
        <test-method is-config="true" signature="videoInitialisation()[pri:0, instance:fh.aalen.test.VideoDataDrivenTests@31d0e481]" started-at="2025-06-23T00:47:02 MESZ" name="videoInitialisation" finished-at="2025-06-23T00:47:04 MESZ" duration-ms="2045" status="PASS">
          <reporter-output>
          </reporter-output>
        </test-method> <!-- videoInitialisation -->
        <test-method is-config="true" signature="springTestContextBeforeTestMethod(java.lang.reflect.Method)[pri:0, instance:fh.aalen.test.VideoDataDrivenTests@31d0e481]" started-at="2025-06-23T00:47:04 MESZ" name="springTestContextBeforeTestMethod" finished-at="2025-06-23T00:47:04 MESZ" duration-ms="429" status="PASS">
          <params>
            <param index="0">
              <value>
                <![CDATA[public void fh.aalen.test.VideoDataDrivenTests.testCreateVideoWithCombinations(java.lang.String,java.lang.String,java.lang.String,java.lang.String)]]>
              </value>
            </param>
          </params>
          <reporter-output>
          </reporter-output>
        </test-method> <!-- springTestContextBeforeTestMethod -->
        <test-method signature="testCreateVideoWithCombinations(java.lang.String,java.lang.String,java.lang.String,java.lang.String)[pri:3, instance:fh.aalen.test.VideoDataDrivenTests@31d0e481]" started-at="2025-06-23T00:47:04 MESZ" name="testCreateVideoWithCombinations" data-provider="videoCombinations" finished-at="2025-06-23T00:47:04 MESZ" duration-ms="45" status="PASS">
          <params>
            <param index="0">
              <value>
                <![CDATA[Batman]]>
              </value>
            </param>
            <param index="1">
              <value>
                <![CDATA[12]]>
              </value>
            </param>
            <param index="2">
              <value>
                <![CDATA[Superheld rettet Gotham]]>
              </value>
            </param>
            <param index="3">
              <value>
                <![CDATA[Action]]>
              </value>
            </param>
          </params>
          <reporter-output>
          </reporter-output>
        </test-method> <!-- testCreateVideoWithCombinations -->
        <test-method is-config="true" signature="springTestContextAfterTestMethod(java.lang.reflect.Method)[pri:0, instance:fh.aalen.test.VideoDataDrivenTests@31d0e481]" started-at="2025-06-23T00:47:04 MESZ" name="springTestContextAfterTestMethod" finished-at="2025-06-23T00:47:04 MESZ" duration-ms="5" status="PASS">
          <params>
            <param index="0">
              <value>
                <![CDATA[public void fh.aalen.test.VideoDataDrivenTests.testCreateVideoWithCombinations(java.lang.String,java.lang.String,java.lang.String,java.lang.String)]]>
              </value>
            </param>
          </params>
          <reporter-output>
          </reporter-output>
        </test-method> <!-- springTestContextAfterTestMethod -->
        <test-method is-config="true" signature="springTestContextBeforeTestMethod(java.lang.reflect.Method)[pri:0, instance:fh.aalen.test.VideoDataDrivenTests@31d0e481]" started-at="2025-06-23T00:47:04 MESZ" name="springTestContextBeforeTestMethod" finished-at="2025-06-23T00:47:04 MESZ" duration-ms="4" status="PASS">
          <params>
            <param index="0">
              <value>
                <![CDATA[public void fh.aalen.test.VideoDataDrivenTests.testCreateVideoWithCombinations(java.lang.String,java.lang.String,java.lang.String,java.lang.String)]]>
              </value>
            </param>
          </params>
          <reporter-output>
          </reporter-output>
        </test-method> <!-- springTestContextBeforeTestMethod -->
        <test-method signature="testCreateVideoWithCombinations(java.lang.String,java.lang.String,java.lang.String,java.lang.String)[pri:3, instance:fh.aalen.test.VideoDataDrivenTests@31d0e481]" started-at="2025-06-23T00:47:04 MESZ" name="testCreateVideoWithCombinations" data-provider="videoCombinations" finished-at="2025-06-23T00:47:04 MESZ" duration-ms="3" status="PASS">
          <params>
            <param index="0">
              <value>
                <![CDATA[Planet Erde]]>
              </value>
            </param>
            <param index="1">
              <value>
                <![CDATA[0]]>
              </value>
            </param>
            <param index="2">
              <value>
                <![CDATA[Naturdokumentation]]>
              </value>
            </param>
            <param index="3">
              <value>
                <![CDATA[Dokumentation]]>
              </value>
            </param>
          </params>
          <reporter-output>
          </reporter-output>
        </test-method> <!-- testCreateVideoWithCombinations -->
        <test-method is-config="true" signature="springTestContextAfterTestMethod(java.lang.reflect.Method)[pri:0, instance:fh.aalen.test.VideoDataDrivenTests@31d0e481]" started-at="2025-06-23T00:47:04 MESZ" name="springTestContextAfterTestMethod" finished-at="2025-06-23T00:47:04 MESZ" duration-ms="2" status="PASS">
          <params>
            <param index="0">
              <value>
                <![CDATA[public void fh.aalen.test.VideoDataDrivenTests.testCreateVideoWithCombinations(java.lang.String,java.lang.String,java.lang.String,java.lang.String)]]>
              </value>
            </param>
          </params>
          <reporter-output>
          </reporter-output>
        </test-method> <!-- springTestContextAfterTestMethod -->
        <test-method is-config="true" signature="springTestContextBeforeTestMethod(java.lang.reflect.Method)[pri:0, instance:fh.aalen.test.VideoDataDrivenTests@31d0e481]" started-at="2025-06-23T00:47:04 MESZ" name="springTestContextBeforeTestMethod" finished-at="2025-06-23T00:47:04 MESZ" duration-ms="1" status="PASS">
          <params>
            <param index="0">
              <value>
                <![CDATA[public void fh.aalen.test.VideoDataDrivenTests.testCreateVideoWithCombinations(java.lang.String,java.lang.String,java.lang.String,java.lang.String)]]>
              </value>
            </param>
          </params>
          <reporter-output>
          </reporter-output>
        </test-method> <!-- springTestContextBeforeTestMethod -->
        <test-method signature="testCreateVideoWithCombinations(java.lang.String,java.lang.String,java.lang.String,java.lang.String)[pri:3, instance:fh.aalen.test.VideoDataDrivenTests@31d0e481]" started-at="2025-06-23T00:47:04 MESZ" name="testCreateVideoWithCombinations" data-provider="videoCombinations" finished-at="2025-06-23T00:47:04 MESZ" duration-ms="3" status="PASS">
          <params>
            <param index="0">
              <value>
                <![CDATA[]]>
              </value>
            </param>
            <param index="1">
              <value>
                <![CDATA[16]]>
              </value>
            </param>
            <param index="2">
              <value>
                <![CDATA[Leerer Titel]]>
              </value>
            </param>
            <param index="3">
              <value>
                <![CDATA[Drama]]>
              </value>
            </param>
          </params>
          <reporter-output>
          </reporter-output>
        </test-method> <!-- testCreateVideoWithCombinations -->
        <test-method is-config="true" signature="springTestContextAfterTestMethod(java.lang.reflect.Method)[pri:0, instance:fh.aalen.test.VideoDataDrivenTests@31d0e481]" started-at="2025-06-23T00:47:04 MESZ" name="springTestContextAfterTestMethod" finished-at="2025-06-23T00:47:04 MESZ" duration-ms="2" status="PASS">
          <params>
            <param index="0">
              <value>
                <![CDATA[public void fh.aalen.test.VideoDataDrivenTests.testCreateVideoWithCombinations(java.lang.String,java.lang.String,java.lang.String,java.lang.String)]]>
              </value>
            </param>
          </params>
          <reporter-output>
          </reporter-output>
        </test-method> <!-- springTestContextAfterTestMethod -->
        <test-method is-config="true" signature="springTestContextBeforeTestMethod(java.lang.reflect.Method)[pri:0, instance:fh.aalen.test.VideoDataDrivenTests@31d0e481]" started-at="2025-06-23T00:47:04 MESZ" name="springTestContextBeforeTestMethod" finished-at="2025-06-23T00:47:04 MESZ" duration-ms="1" status="PASS">
          <params>
            <param index="0">
              <value>
                <![CDATA[public void fh.aalen.test.VideoDataDrivenTests.testCreateVideoWithCombinations(java.lang.String,java.lang.String,java.lang.String,java.lang.String)]]>
              </value>
            </param>
          </params>
          <reporter-output>
          </reporter-output>
        </test-method> <!-- springTestContextBeforeTestMethod -->
        <test-method signature="testCreateVideoWithCombinations(java.lang.String,java.lang.String,java.lang.String,java.lang.String)[pri:3, instance:fh.aalen.test.VideoDataDrivenTests@31d0e481]" started-at="2025-06-23T00:47:04 MESZ" name="testCreateVideoWithCombinations" data-provider="videoCombinations" finished-at="2025-06-23T00:47:04 MESZ" duration-ms="3" status="PASS">
          <params>
            <param index="0">
              <value>
                <![CDATA[Ghostbusters]]>
              </value>
            </param>
            <param index="1">
              <value>
                <![CDATA[]]>
              </value>
            </param>
            <param index="2">
              <value>
                <![CDATA[Fehlende Altersfreigabe]]>
              </value>
            </param>
            <param index="3">
              <value>
                <![CDATA[Comedy]]>
              </value>
            </param>
          </params>
          <reporter-output>
          </reporter-output>
        </test-method> <!-- testCreateVideoWithCombinations -->
        <test-method is-config="true" signature="springTestContextAfterTestMethod(java.lang.reflect.Method)[pri:0, instance:fh.aalen.test.VideoDataDrivenTests@31d0e481]" started-at="2025-06-23T00:47:04 MESZ" name="springTestContextAfterTestMethod" finished-at="2025-06-23T00:47:04 MESZ" duration-ms="1" status="PASS">
          <params>
            <param index="0">
              <value>
                <![CDATA[public void fh.aalen.test.VideoDataDrivenTests.testCreateVideoWithCombinations(java.lang.String,java.lang.String,java.lang.String,java.lang.String)]]>
              </value>
            </param>
          </params>
          <reporter-output>
          </reporter-output>
        </test-method> <!-- springTestContextAfterTestMethod -->
        <test-method is-config="true" signature="springTestContextBeforeTestMethod(java.lang.reflect.Method)[pri:0, instance:fh.aalen.test.VideoDataDrivenTests@31d0e481]" started-at="2025-06-23T00:47:04 MESZ" name="springTestContextBeforeTestMethod" finished-at="2025-06-23T00:47:04 MESZ" duration-ms="1" status="PASS">
          <params>
            <param index="0">
              <value>
                <![CDATA[public void fh.aalen.test.VideoDataDrivenTests.testCreateVideoWithCombinations(java.lang.String,java.lang.String,java.lang.String,java.lang.String)]]>
              </value>
            </param>
          </params>
          <reporter-output>
          </reporter-output>
        </test-method> <!-- springTestContextBeforeTestMethod -->
        <test-method signature="testCreateVideoWithCombinations(java.lang.String,java.lang.String,java.lang.String,java.lang.String)[pri:3, instance:fh.aalen.test.VideoDataDrivenTests@31d0e481]" started-at="2025-06-23T00:47:04 MESZ" name="testCreateVideoWithCombinations" data-provider="videoCombinations" finished-at="2025-06-23T00:47:04 MESZ" duration-ms="118" status="PASS">
          <params>
            <param index="0">
              <value>
                <![CDATA[Interstellar]]>
              </value>
            </param>
            <param index="1">
              <value>
                <![CDATA[PG]]>
              </value>
            </param>
            <param index="2">
              <value is-null="true"/>
            </param>
            <param index="3">
              <value>
                <![CDATA[SciFi]]>
              </value>
            </param>
          </params>
          <reporter-output>
          </reporter-output>
        </test-method> <!-- testCreateVideoWithCombinations -->
        <test-method is-config="true" signature="springTestContextAfterTestMethod(java.lang.reflect.Method)[pri:0, instance:fh.aalen.test.VideoDataDrivenTests@31d0e481]" started-at="2025-06-23T00:47:04 MESZ" name="springTestContextAfterTestMethod" finished-at="2025-06-23T00:47:04 MESZ" duration-ms="3" status="PASS">
          <params>
            <param index="0">
              <value>
                <![CDATA[public void fh.aalen.test.VideoDataDrivenTests.testCreateVideoWithCombinations(java.lang.String,java.lang.String,java.lang.String,java.lang.String)]]>
              </value>
            </param>
          </params>
          <reporter-output>
          </reporter-output>
        </test-method> <!-- springTestContextAfterTestMethod -->
        <test-method is-config="true" signature="cleanUpAfterClass()[pri:0, instance:fh.aalen.test.VideoDataDrivenTests@31d0e481]" started-at="2025-06-23T00:47:04 MESZ" name="cleanUpAfterClass" finished-at="2025-06-23T00:47:09 MESZ" duration-ms="5038" status="PASS">
          <reporter-output>
          </reporter-output>
        </test-method> <!-- cleanUpAfterClass -->
        <test-method is-config="true" signature="springTestContextAfterTestClass()[pri:0, instance:fh.aalen.test.VideoDataDrivenTests@31d0e481]" started-at="2025-06-23T00:47:09 MESZ" name="springTestContextAfterTestClass" finished-at="2025-06-23T00:47:09 MESZ" duration-ms="1" status="PASS">
          <reporter-output>
          </reporter-output>
        </test-method> <!-- springTestContextAfterTestClass -->
      </class> <!-- fh.aalen.test.VideoDataDrivenTests -->
    </test> <!-- Default test -->
  </suite> <!-- Default suite -->
</testng-results>
