<?xml version="1.0" encoding="UTF-8"?>
<testng-results ignored="0" total="2" passed="1" failed="1" skipped="0">
  <reporter-output>
  </reporter-output>
  <suite started-at="2025-06-20T12:42:21 MESZ" name="Default suite" finished-at="2025-06-20T12:42:26 MESZ" duration-ms="4915">
    <groups>
    </groups>
    <test started-at="2025-06-20T12:42:21 MESZ" name="Default test" finished-at="2025-06-20T12:42:26 MESZ" duration-ms="4915">
      <class name="fh.aalen.test.VideoServiceTest2">
        <test-method is-config="true" signature="springTestContextBeforeTestClass()[pri:0, instance:fh.aalen.test.VideoServiceTest2@1477089c]" started-at="2025-06-20T12:42:21 MESZ" name="springTestContextBeforeTestClass" finished-at="2025-06-20T12:42:21 MESZ" duration-ms="12" status="PASS">
          <reporter-output>
          </reporter-output>
        </test-method> <!-- springTestContextBeforeTestClass -->
        <test-method is-config="true" signature="springTestContextPrepareTestInstance()[pri:0, instance:fh.aalen.test.VideoServiceTest2@1477089c]" started-at="2025-06-20T12:42:21 MESZ" name="springTestContextPrepareTestInstance" finished-at="2025-06-20T12:42:25 MESZ" depends-on-methods="org.springframework.test.context.testng.AbstractTestNGSpringContextTests.springTestContextBeforeTestClass" duration-ms="4115" status="PASS">
          <reporter-output>
          </reporter-output>
        </test-method> <!-- springTestContextPrepareTestInstance -->
        <test-method is-config="true" signature="springTestContextBeforeTestMethod(java.lang.reflect.Method)[pri:0, instance:fh.aalen.test.VideoServiceTest2@1477089c]" started-at="2025-06-20T12:42:25 MESZ" name="springTestContextBeforeTestMethod" finished-at="2025-06-20T12:42:26 MESZ" duration-ms="514" status="PASS">
          <params>
            <param index="0">
              <value>
                <![CDATA[public void fh.aalen.test.VideoServiceTest2.testAddAndGetVideo()]]>
              </value>
            </param>
          </params>
          <reporter-output>
          </reporter-output>
        </test-method> <!-- springTestContextBeforeTestMethod -->
        <test-method is-config="true" signature="setup()[pri:0, instance:fh.aalen.test.VideoServiceTest2@1477089c]" started-at="2025-06-20T12:42:26 MESZ" name="setup" finished-at="2025-06-20T12:42:26 MESZ" duration-ms="179" status="PASS">
          <reporter-output>
          </reporter-output>
        </test-method> <!-- setup -->
        <test-method signature="testAddAndGetVideo()[pri:0, instance:fh.aalen.test.VideoServiceTest2@1477089c]" started-at="2025-06-20T12:42:26 MESZ" name="testAddAndGetVideo" finished-at="2025-06-20T12:42:26 MESZ" duration-ms="34" status="PASS">
          <reporter-output>
          </reporter-output>
        </test-method> <!-- testAddAndGetVideo -->
        <test-method is-config="true" signature="springTestContextAfterTestMethod(java.lang.reflect.Method)[pri:0, instance:fh.aalen.test.VideoServiceTest2@1477089c]" started-at="2025-06-20T12:42:26 MESZ" name="springTestContextAfterTestMethod" finished-at="2025-06-20T12:42:26 MESZ" duration-ms="6" status="PASS">
          <params>
            <param index="0">
              <value>
                <![CDATA[public void fh.aalen.test.VideoServiceTest2.testAddAndGetVideo()]]>
              </value>
            </param>
          </params>
          <reporter-output>
          </reporter-output>
        </test-method> <!-- springTestContextAfterTestMethod -->
        <test-method is-config="true" signature="springTestContextBeforeTestMethod(java.lang.reflect.Method)[pri:0, instance:fh.aalen.test.VideoServiceTest2@1477089c]" started-at="2025-06-20T12:42:26 MESZ" name="springTestContextBeforeTestMethod" finished-at="2025-06-20T12:42:26 MESZ" duration-ms="2" status="PASS">
          <params>
            <param index="0">
              <value>
                <![CDATA[public void fh.aalen.test.VideoServiceTest2.testAddAndGetVideoFail()]]>
              </value>
            </param>
          </params>
          <reporter-output>
          </reporter-output>
        </test-method> <!-- springTestContextBeforeTestMethod -->
        <test-method is-config="true" signature="setup()[pri:0, instance:fh.aalen.test.VideoServiceTest2@1477089c]" started-at="2025-06-20T12:42:26 MESZ" name="setup" finished-at="2025-06-20T12:42:26 MESZ" duration-ms="3" status="PASS">
          <reporter-output>
          </reporter-output>
        </test-method> <!-- setup -->
        <test-method signature="testAddAndGetVideoFail()[pri:0, instance:fh.aalen.test.VideoServiceTest2@1477089c]" started-at="2025-06-20T12:42:26 MESZ" name="testAddAndGetVideoFail" finished-at="2025-06-20T12:42:26 MESZ" duration-ms="7" status="FAIL">
          <exception class="java.lang.AssertionError">
            <message>
              <![CDATA[expected [Spongebob] but found [Matrix]]]>
            </message>
            <full-stacktrace>
              <![CDATA[java.lang.AssertionError: expected [Spongebob] but found [Matrix]
at org.testng.Assert.fail(Assert.java:111)
at org.testng.Assert.failNotEquals(Assert.java:1578)
at org.testng.Assert.assertEqualsImpl(Assert.java:150)
at org.testng.Assert.assertEquals(Assert.java:132)
at org.testng.Assert.assertEquals(Assert.java:656)
at org.testng.Assert.assertEquals(Assert.java:666)
at fh.aalen.test.VideoServiceTest2.testAddAndGetVideoFail(VideoServiceTest2.java:62)
at java.base/jdk.internal.reflect.DirectMethodHandleAccessor.invoke(DirectMethodHandleAccessor.java:103)
at java.base/java.lang.reflect.Method.invoke(Method.java:580)
at org.testng.internal.invokers.MethodInvocationHelper.invokeMethod(MethodInvocationHelper.java:139)
at org.testng.internal.invokers.MethodInvocationHelper$1.runTestMethod(MethodInvocationHelper.java:258)
at org.springframework.test.context.testng.AbstractTestNGSpringContextTests.run(AbstractTestNGSpringContextTests.java:154)
at org.testng.internal.invokers.MethodInvocationHelper.invokeHookable(MethodInvocationHelper.java:272)
at org.testng.internal.invokers.TestInvoker.invokeMethod(TestInvoker.java:656)
at org.testng.internal.invokers.TestInvoker.invokeTestMethod(TestInvoker.java:227)
at org.testng.internal.invokers.MethodRunner.runInSequence(MethodRunner.java:50)
at org.testng.internal.invokers.TestInvoker$MethodInvocationAgent.invoke(TestInvoker.java:957)
at org.testng.internal.invokers.TestInvoker.invokeTestMethods(TestInvoker.java:200)
at org.testng.internal.invokers.TestMethodWorker.invokeTestMethods(TestMethodWorker.java:148)
at org.testng.internal.invokers.TestMethodWorker.run(TestMethodWorker.java:128)
at java.base/java.util.ArrayList.forEach(ArrayList.java:1596)
at org.testng.TestRunner.privateRun(TestRunner.java:848)
at org.testng.TestRunner.run(TestRunner.java:621)
at org.testng.SuiteRunner.runTest(SuiteRunner.java:443)
at org.testng.SuiteRunner.runSequentially(SuiteRunner.java:437)
at org.testng.SuiteRunner.privateRun(SuiteRunner.java:397)
at org.testng.SuiteRunner.run(SuiteRunner.java:336)
at org.testng.SuiteRunnerWorker.runSuite(SuiteRunnerWorker.java:52)
at org.testng.SuiteRunnerWorker.run(SuiteRunnerWorker.java:95)
at org.testng.TestNG.runSuitesSequentially(TestNG.java:1280)
at org.testng.TestNG.runSuitesLocally(TestNG.java:1200)
at org.testng.TestNG.runSuites(TestNG.java:1114)
at org.testng.TestNG.run(TestNG.java:1082)
at org.testng.remote.AbstractRemoteTestNG.run(AbstractRemoteTestNG.java:115)
at org.testng.remote.RemoteTestNG.initAndRun(RemoteTestNG.java:293)
at org.testng.remote.RemoteTestNG.main(RemoteTestNG.java:91)
]]>
            </full-stacktrace>
          </exception> <!-- java.lang.AssertionError -->
          <reporter-output>
          </reporter-output>
        </test-method> <!-- testAddAndGetVideoFail -->
        <test-method is-config="true" signature="springTestContextAfterTestMethod(java.lang.reflect.Method)[pri:0, instance:fh.aalen.test.VideoServiceTest2@1477089c]" started-at="2025-06-20T12:42:26 MESZ" name="springTestContextAfterTestMethod" finished-at="2025-06-20T12:42:26 MESZ" duration-ms="2" status="PASS">
          <params>
            <param index="0">
              <value>
                <![CDATA[public void fh.aalen.test.VideoServiceTest2.testAddAndGetVideoFail()]]>
              </value>
            </param>
          </params>
          <reporter-output>
          </reporter-output>
        </test-method> <!-- springTestContextAfterTestMethod -->
        <test-method is-config="true" signature="springTestContextAfterTestClass()[pri:0, instance:fh.aalen.test.VideoServiceTest2@1477089c]" started-at="2025-06-20T12:42:26 MESZ" name="springTestContextAfterTestClass" finished-at="2025-06-20T12:42:26 MESZ" duration-ms="1" status="PASS">
          <reporter-output>
          </reporter-output>
        </test-method> <!-- springTestContextAfterTestClass -->
      </class> <!-- fh.aalen.test.VideoServiceTest2 -->
    </test> <!-- Default test -->
  </suite> <!-- Default suite -->
</testng-results>
