<?xml version="1.0" encoding="UTF-8"?>
<testng-results ignored="0" total="0" passed="0" failed="0" skipped="0">
  <reporter-output>
  </reporter-output>
  <suite started-at="2025-06-20T22:18:38 MESZ" name="Default suite" finished-at="2025-06-20T22:18:38 MESZ" duration-ms="13">
    <groups>
    </groups>
    <test started-at="2025-06-20T22:18:38 MESZ" name="Default test" finished-at="2025-06-20T22:18:38 MESZ" duration-ms="13">
      <class name="fh.aalen.test.VideoServiceTest2">
        <test-method is-config="true" signature="beforeSuite()[pri:0, instance:fh.aalen.test.VideoServiceTest2@59f63e24]" started-at="2025-06-20T22:18:38 MESZ" name="beforeSuite" finished-at="2025-06-20T22:18:38 MESZ" duration-ms="12" status="PASS">
          <reporter-output>
          </reporter-output>
        </test-method> <!-- beforeSuite -->
        <test-method is-config="true" signature="afterSuite()[pri:0, instance:fh.aalen.test.VideoServiceTest2@59f63e24]" started-at="2025-06-20T22:18:38 MESZ" name="afterSuite" finished-at="2025-06-20T22:18:38 MESZ" duration-ms="0" status="PASS">
          <reporter-output>
          </reporter-output>
        </test-method> <!-- afterSuite -->
      </class> <!-- fh.aalen.test.VideoServiceTest2 -->
    </test> <!-- Default test -->
  </suite> <!-- Default suite -->
</testng-results>
