<?xml version="1.0" encoding="UTF-8"?>
<testng-results ignored="0" total="1" passed="1" failed="0" skipped="0">
  <reporter-output>
  </reporter-output>
  <suite started-at="2025-06-20T17:05:25 MESZ" name="Default suite" finished-at="2025-06-20T17:05:30 MESZ" duration-ms="4832">
    <groups>
    </groups>
    <test started-at="2025-06-20T17:05:25 MESZ" name="Default test" finished-at="2025-06-20T17:05:30 MESZ" duration-ms="4832">
      <class name="fh.aalen.test.VideoServiceTest2">
        <test-method is-config="true" signature="springTestContextBeforeTestClass()[pri:0, instance:fh.aalen.test.VideoServiceTest2@4372b9b6]" started-at="2025-06-20T17:05:25 MESZ" name="springTestContextBeforeTestClass" finished-at="2025-06-20T17:05:25 MESZ" duration-ms="11" status="PASS">
          <reporter-output>
          </reporter-output>
        </test-method> <!-- springTestContextBeforeTestClass -->
        <test-method is-config="true" signature="springTestContextPrepareTestInstance()[pri:0, instance:fh.aalen.test.VideoServiceTest2@4372b9b6]" started-at="2025-06-20T17:05:25 MESZ" name="springTestContextPrepareTestInstance" finished-at="2025-06-20T17:05:30 MESZ" depends-on-methods="org.springframework.test.context.testng.AbstractTestNGSpringContextTests.springTestContextBeforeTestClass" duration-ms="4282" status="PASS">
          <reporter-output>
          </reporter-output>
        </test-method> <!-- springTestContextPrepareTestInstance -->
        <test-method is-config="true" signature="springTestContextBeforeTestMethod(java.lang.reflect.Method)[pri:0, instance:fh.aalen.test.VideoServiceTest2@4372b9b6]" started-at="2025-06-20T17:05:30 MESZ" name="springTestContextBeforeTestMethod" finished-at="2025-06-20T17:05:30 MESZ" duration-ms="433" status="PASS">
          <params>
            <param index="0">
              <value>
                <![CDATA[public void fh.aalen.test.VideoServiceTest2.testAddAndGetVideo()]]>
              </value>
            </param>
          </params>
          <reporter-output>
          </reporter-output>
        </test-method> <!-- springTestContextBeforeTestMethod -->
        <test-method is-config="true" signature="setup()[pri:0, instance:fh.aalen.test.VideoServiceTest2@4372b9b6]" started-at="2025-06-20T17:05:30 MESZ" name="setup" finished-at="2025-06-20T17:05:30 MESZ" duration-ms="3" status="PASS">
          <reporter-output>
          </reporter-output>
        </test-method> <!-- setup -->
        <test-method signature="testAddAndGetVideo()[pri:0, instance:fh.aalen.test.VideoServiceTest2@4372b9b6]" started-at="2025-06-20T17:05:30 MESZ" name="testAddAndGetVideo" finished-at="2025-06-20T17:05:30 MESZ" duration-ms="66" status="PASS">
          <reporter-output>
          </reporter-output>
        </test-method> <!-- testAddAndGetVideo -->
        <test-method is-config="true" signature="springTestContextAfterTestMethod(java.lang.reflect.Method)[pri:0, instance:fh.aalen.test.VideoServiceTest2@4372b9b6]" started-at="2025-06-20T17:05:30 MESZ" name="springTestContextAfterTestMethod" finished-at="2025-06-20T17:05:30 MESZ" duration-ms="4" status="PASS">
          <params>
            <param index="0">
              <value>
                <![CDATA[public void fh.aalen.test.VideoServiceTest2.testAddAndGetVideo()]]>
              </value>
            </param>
          </params>
          <reporter-output>
          </reporter-output>
        </test-method> <!-- springTestContextAfterTestMethod -->
        <test-method is-config="true" signature="springTestContextAfterTestClass()[pri:0, instance:fh.aalen.test.VideoServiceTest2@4372b9b6]" started-at="2025-06-20T17:05:30 MESZ" name="springTestContextAfterTestClass" finished-at="2025-06-20T17:05:30 MESZ" duration-ms="1" status="PASS">
          <reporter-output>
          </reporter-output>
        </test-method> <!-- springTestContextAfterTestClass -->
      </class> <!-- fh.aalen.test.VideoServiceTest2 -->
    </test> <!-- Default test -->
  </suite> <!-- Default suite -->
</testng-results>
