<?xml version="1.0" encoding="UTF-8"?>
<testng-results ignored="0" total="1" passed="1" failed="0" skipped="0">
  <reporter-output>
  </reporter-output>
  <suite started-at="2025-06-11T12:46:57 MESZ" name="Default suite" finished-at="2025-06-11T12:47:01 MESZ" duration-ms="4313">
    <groups>
    </groups>
    <test started-at="2025-06-11T12:46:57 MESZ" name="Default test" finished-at="2025-06-11T12:47:01 MESZ" duration-ms="4313">
      <class name="fh.aalen.VideoServiceTest">
        <test-method is-config="true" signature="springTestContextBeforeTestClass()[pri:0, instance:fh.aalen.VideoServiceTest@4b9df8a]" started-at="2025-06-11T12:46:57 MESZ" name="springTestContextBeforeTestClass" finished-at="2025-06-11T12:46:57 MESZ" duration-ms="13" status="PASS">
          <reporter-output>
          </reporter-output>
        </test-method> <!-- springTestContextBeforeTestClass -->
        <test-method is-config="true" signature="springTestContextPrepareTestInstance()[pri:0, instance:fh.aalen.VideoServiceTest@4b9df8a]" started-at="2025-06-11T12:46:57 MESZ" name="springTestContextPrepareTestInstance" finished-at="2025-06-11T12:47:01 MESZ" depends-on-methods="org.springframework.test.context.testng.AbstractTestNGSpringContextTests.springTestContextBeforeTestClass" duration-ms="3822" status="PASS">
          <reporter-output>
          </reporter-output>
        </test-method> <!-- springTestContextPrepareTestInstance -->
        <test-method is-config="true" signature="springTestContextBeforeTestMethod(java.lang.reflect.Method)[pri:0, instance:fh.aalen.VideoServiceTest@4b9df8a]" started-at="2025-06-11T12:47:01 MESZ" name="springTestContextBeforeTestMethod" finished-at="2025-06-11T12:47:01 MESZ" duration-ms="430" status="PASS">
          <params>
            <param index="0">
              <value>
                <![CDATA[public void fh.aalen.VideoServiceTest.testGetVideoListIsNotNull()]]>
              </value>
            </param>
          </params>
          <reporter-output>
          </reporter-output>
        </test-method> <!-- springTestContextBeforeTestMethod -->
        <test-method signature="testGetVideoListIsNotNull()[pri:0, instance:fh.aalen.VideoServiceTest@4b9df8a]" started-at="2025-06-11T12:47:01 MESZ" name="testGetVideoListIsNotNull" finished-at="2025-06-11T12:47:01 MESZ" duration-ms="8" status="PASS">
          <reporter-output>
          </reporter-output>
        </test-method> <!-- testGetVideoListIsNotNull -->
        <test-method is-config="true" signature="springTestContextAfterTestMethod(java.lang.reflect.Method)[pri:0, instance:fh.aalen.VideoServiceTest@4b9df8a]" started-at="2025-06-11T12:47:01 MESZ" name="springTestContextAfterTestMethod" finished-at="2025-06-11T12:47:01 MESZ" duration-ms="4" status="PASS">
          <params>
            <param index="0">
              <value>
                <![CDATA[public void fh.aalen.VideoServiceTest.testGetVideoListIsNotNull()]]>
              </value>
            </param>
          </params>
          <reporter-output>
          </reporter-output>
        </test-method> <!-- springTestContextAfterTestMethod -->
        <test-method is-config="true" signature="springTestContextAfterTestClass()[pri:0, instance:fh.aalen.VideoServiceTest@4b9df8a]" started-at="2025-06-11T12:47:01 MESZ" name="springTestContextAfterTestClass" finished-at="2025-06-11T12:47:01 MESZ" duration-ms="1" status="PASS">
          <reporter-output>
          </reporter-output>
        </test-method> <!-- springTestContextAfterTestClass -->
      </class> <!-- fh.aalen.VideoServiceTest -->
    </test> <!-- Default test -->
  </suite> <!-- Default suite -->
</testng-results>
